<?xml version="1.0" encoding="UTF-8"?>
<testsuite xmlns:xsi="http://www.w3.org/2001/XMLSchema-instance" xsi:noNamespaceSchemaLocation="https://maven.apache.org/surefire/maven-surefire-plugin/xsd/surefire-test-report.xsd" name="com.example.ExampleSpringBootStarterAutoconfigurerApplicationTests" time="0.443" tests="1" errors="1" skipped="0" failures="0">
  <properties>
    <property name="sun.desktop" value="windows"/>
    <property name="awt.toolkit" value="sun.awt.windows.WToolkit"/>
    <property name="file.encoding.pkg" value="sun.io"/>
    <property name="java.specification.version" value="1.8"/>
    <property name="sun.cpu.isalist" value="amd64"/>
    <property name="sun.jnu.encoding" value="GBK"/>
    <property name="java.class.path" value="D:\Code\MyCode\springboot\spring-boot-08-starter\example-spring-boot-starter-autoconfigurer\target\test-classes;D:\Code\MyCode\springboot\spring-boot-08-starter\example-spring-boot-starter-autoconfigurer\target\classes;D:\DevelopmentEnvironment\repository\org\springframework\boot\spring-boot-starter\2.2.5.RELEASE\spring-boot-starter-2.2.5.RELEASE.jar;D:\DevelopmentEnvironment\repository\org\springframework\boot\spring-boot\2.2.5.RELEASE\spring-boot-2.2.5.RELEASE.jar;D:\DevelopmentEnvironment\repository\org\springframework\spring-context\5.2.4.RELEASE\spring-context-5.2.4.RELEASE.jar;D:\DevelopmentEnvironment\repository\org\springframework\spring-aop\5.2.4.RELEASE\spring-aop-5.2.4.RELEASE.jar;D:\DevelopmentEnvironment\repository\org\springframework\spring-beans\5.2.4.RELEASE\spring-beans-5.2.4.RELEASE.jar;D:\DevelopmentEnvironment\repository\org\springframework\spring-expression\5.2.4.RELEASE\spring-expression-5.2.4.RELEASE.jar;D:\DevelopmentEnvironment\repository\org\springframework\boot\spring-boot-autoconfigure\2.2.5.RELEASE\spring-boot-autoconfigure-2.2.5.RELEASE.jar;D:\DevelopmentEnvironment\repository\org\springframework\boot\spring-boot-starter-logging\2.2.5.RELEASE\spring-boot-starter-logging-2.2.5.RELEASE.jar;D:\DevelopmentEnvironment\repository\ch\qos\logback\logback-classic\1.2.3\logback-classic-1.2.3.jar;D:\DevelopmentEnvironment\repository\ch\qos\logback\logback-core\1.2.3\logback-core-1.2.3.jar;D:\DevelopmentEnvironment\repository\org\apache\logging\log4j\log4j-to-slf4j\2.12.1\log4j-to-slf4j-2.12.1.jar;D:\DevelopmentEnvironment\repository\org\apache\logging\log4j\log4j-api\2.12.1\log4j-api-2.12.1.jar;D:\DevelopmentEnvironment\repository\org\slf4j\jul-to-slf4j\1.7.30\jul-to-slf4j-1.7.30.jar;D:\DevelopmentEnvironment\repository\jakarta\annotation\jakarta.annotation-api\1.3.5\jakarta.annotation-api-1.3.5.jar;D:\DevelopmentEnvironment\repository\org\springframework\spring-core\5.2.4.RELEASE\spring-core-5.2.4.RELEASE.jar;D:\DevelopmentEnvironment\repository\org\springframework\spring-jcl\5.2.4.RELEASE\spring-jcl-5.2.4.RELEASE.jar;D:\DevelopmentEnvironment\repository\org\yaml\snakeyaml\1.25\snakeyaml-1.25.jar;D:\DevelopmentEnvironment\repository\org\springframework\boot\spring-boot-devtools\2.2.5.RELEASE\spring-boot-devtools-2.2.5.RELEASE.jar;D:\DevelopmentEnvironment\repository\org\springframework\boot\spring-boot-starter-test\2.2.5.RELEASE\spring-boot-starter-test-2.2.5.RELEASE.jar;D:\DevelopmentEnvironment\repository\org\springframework\boot\spring-boot-test\2.2.5.RELEASE\spring-boot-test-2.2.5.RELEASE.jar;D:\DevelopmentEnvironment\repository\org\springframework\boot\spring-boot-test-autoconfigure\2.2.5.RELEASE\spring-boot-test-autoconfigure-2.2.5.RELEASE.jar;D:\DevelopmentEnvironment\repository\com\jayway\jsonpath\json-path\2.4.0\json-path-2.4.0.jar;D:\DevelopmentEnvironment\repository\net\minidev\json-smart\2.3\json-smart-2.3.jar;D:\DevelopmentEnvironment\repository\net\minidev\accessors-smart\1.2\accessors-smart-1.2.jar;D:\DevelopmentEnvironment\repository\org\ow2\asm\asm\5.0.4\asm-5.0.4.jar;D:\DevelopmentEnvironment\repository\org\slf4j\slf4j-api\1.7.30\slf4j-api-1.7.30.jar;D:\DevelopmentEnvironment\repository\jakarta\xml\bind\jakarta.xml.bind-api\2.3.2\jakarta.xml.bind-api-2.3.2.jar;D:\DevelopmentEnvironment\repository\jakarta\activation\jakarta.activation-api\1.2.2\jakarta.activation-api-1.2.2.jar;D:\DevelopmentEnvironment\repository\org\junit\jupiter\junit-jupiter\5.5.2\junit-jupiter-5.5.2.jar;D:\DevelopmentEnvironment\repository\org\junit\jupiter\junit-jupiter-api\5.5.2\junit-jupiter-api-5.5.2.jar;D:\DevelopmentEnvironment\repository\org\apiguardian\apiguardian-api\1.1.0\apiguardian-api-1.1.0.jar;D:\DevelopmentEnvironment\repository\org\opentest4j\opentest4j\1.2.0\opentest4j-1.2.0.jar;D:\DevelopmentEnvironment\repository\org\junit\platform\junit-platform-commons\1.5.2\junit-platform-commons-1.5.2.jar;D:\DevelopmentEnvironment\repository\org\junit\jupiter\junit-jupiter-params\5.5.2\junit-jupiter-params-5.5.2.jar;D:\DevelopmentEnvironment\repository\org\junit\jupiter\junit-jupiter-engine\5.5.2\junit-jupiter-engine-5.5.2.jar;D:\DevelopmentEnvironment\repository\org\junit\platform\junit-platform-engine\1.5.2\junit-platform-engine-1.5.2.jar;D:\DevelopmentEnvironment\repository\org\mockito\mockito-junit-jupiter\3.1.0\mockito-junit-jupiter-3.1.0.jar;D:\DevelopmentEnvironment\repository\org\assertj\assertj-core\3.13.2\assertj-core-3.13.2.jar;D:\DevelopmentEnvironment\repository\org\hamcrest\hamcrest\2.1\hamcrest-2.1.jar;D:\DevelopmentEnvironment\repository\org\mockito\mockito-core\3.1.0\mockito-core-3.1.0.jar;D:\DevelopmentEnvironment\repository\net\bytebuddy\byte-buddy\1.10.8\byte-buddy-1.10.8.jar;D:\DevelopmentEnvironment\repository\net\bytebuddy\byte-buddy-agent\1.10.8\byte-buddy-agent-1.10.8.jar;D:\DevelopmentEnvironment\repository\org\objenesis\objenesis\2.6\objenesis-2.6.jar;D:\DevelopmentEnvironment\repository\org\skyscreamer\jsonassert\1.5.0\jsonassert-1.5.0.jar;D:\DevelopmentEnvironment\repository\com\vaadin\external\google\android-json\0.0.20131108.vaadin1\android-json-0.0.20131108.vaadin1.jar;D:\DevelopmentEnvironment\repository\org\springframework\spring-test\5.2.4.RELEASE\spring-test-5.2.4.RELEASE.jar;D:\DevelopmentEnvironment\repository\org\xmlunit\xmlunit-core\2.6.3\xmlunit-core-2.6.3.jar;"/>
    <property name="java.vm.vendor" value="Oracle Corporation"/>
    <property name="sun.arch.data.model" value="64"/>
    <property name="user.variant" value=""/>
    <property name="java.vendor.url" value="http://java.oracle.com/"/>
    <property name="user.timezone" value="Asia/Shanghai"/>
    <property name="java.vm.specification.version" value="1.8"/>
    <property name="os.name" value="Windows 10"/>
    <property name="user.country" value="CN"/>
    <property name="sun.java.launcher" value="SUN_STANDARD"/>
    <property name="sun.boot.library.path" value="D:\JDK\jdk1.8.0.151\jre\bin"/>
    <property name="sun.java.command" value="C:\Users\ADMINI~1\AppData\Local\Temp\surefire4193039803880200308\surefirebooter6470277551725289729.jar C:\Users\Administrator\AppData\Local\Temp\surefire4193039803880200308 2020-03-10T16-46-26_235-jvmRun1 surefire8517666854922801500tmp surefire_0514950393083468875tmp"/>
    <property name="surefire.test.class.path" value="D:\Code\MyCode\springboot\spring-boot-08-starter\example-spring-boot-starter-autoconfigurer\target\test-classes;D:\Code\MyCode\springboot\spring-boot-08-starter\example-spring-boot-starter-autoconfigurer\target\classes;D:\DevelopmentEnvironment\repository\org\springframework\boot\spring-boot-starter\2.2.5.RELEASE\spring-boot-starter-2.2.5.RELEASE.jar;D:\DevelopmentEnvironment\repository\org\springframework\boot\spring-boot\2.2.5.RELEASE\spring-boot-2.2.5.RELEASE.jar;D:\DevelopmentEnvironment\repository\org\springframework\spring-context\5.2.4.RELEASE\spring-context-5.2.4.RELEASE.jar;D:\DevelopmentEnvironment\repository\org\springframework\spring-aop\5.2.4.RELEASE\spring-aop-5.2.4.RELEASE.jar;D:\DevelopmentEnvironment\repository\org\springframework\spring-beans\5.2.4.RELEASE\spring-beans-5.2.4.RELEASE.jar;D:\DevelopmentEnvironment\repository\org\springframework\spring-expression\5.2.4.RELEASE\spring-expression-5.2.4.RELEASE.jar;D:\DevelopmentEnvironment\repository\org\springframework\boot\spring-boot-autoconfigure\2.2.5.RELEASE\spring-boot-autoconfigure-2.2.5.RELEASE.jar;D:\DevelopmentEnvironment\repository\org\springframework\boot\spring-boot-starter-logging\2.2.5.RELEASE\spring-boot-starter-logging-2.2.5.RELEASE.jar;D:\DevelopmentEnvironment\repository\ch\qos\logback\logback-classic\1.2.3\logback-classic-1.2.3.jar;D:\DevelopmentEnvironment\repository\ch\qos\logback\logback-core\1.2.3\logback-core-1.2.3.jar;D:\DevelopmentEnvironment\repository\org\apache\logging\log4j\log4j-to-slf4j\2.12.1\log4j-to-slf4j-2.12.1.jar;D:\DevelopmentEnvironment\repository\org\apache\logging\log4j\log4j-api\2.12.1\log4j-api-2.12.1.jar;D:\DevelopmentEnvironment\repository\org\slf4j\jul-to-slf4j\1.7.30\jul-to-slf4j-1.7.30.jar;D:\DevelopmentEnvironment\repository\jakarta\annotation\jakarta.annotation-api\1.3.5\jakarta.annotation-api-1.3.5.jar;D:\DevelopmentEnvironment\repository\org\springframework\spring-core\5.2.4.RELEASE\spring-core-5.2.4.RELEASE.jar;D:\DevelopmentEnvironment\repository\org\springframework\spring-jcl\5.2.4.RELEASE\spring-jcl-5.2.4.RELEASE.jar;D:\DevelopmentEnvironment\repository\org\yaml\snakeyaml\1.25\snakeyaml-1.25.jar;D:\DevelopmentEnvironment\repository\org\springframework\boot\spring-boot-devtools\2.2.5.RELEASE\spring-boot-devtools-2.2.5.RELEASE.jar;D:\DevelopmentEnvironment\repository\org\springframework\boot\spring-boot-starter-test\2.2.5.RELEASE\spring-boot-starter-test-2.2.5.RELEASE.jar;D:\DevelopmentEnvironment\repository\org\springframework\boot\spring-boot-test\2.2.5.RELEASE\spring-boot-test-2.2.5.RELEASE.jar;D:\DevelopmentEnvironment\repository\org\springframework\boot\spring-boot-test-autoconfigure\2.2.5.RELEASE\spring-boot-test-autoconfigure-2.2.5.RELEASE.jar;D:\DevelopmentEnvironment\repository\com\jayway\jsonpath\json-path\2.4.0\json-path-2.4.0.jar;D:\DevelopmentEnvironment\repository\net\minidev\json-smart\2.3\json-smart-2.3.jar;D:\DevelopmentEnvironment\repository\net\minidev\accessors-smart\1.2\accessors-smart-1.2.jar;D:\DevelopmentEnvironment\repository\org\ow2\asm\asm\5.0.4\asm-5.0.4.jar;D:\DevelopmentEnvironment\repository\org\slf4j\slf4j-api\1.7.30\slf4j-api-1.7.30.jar;D:\DevelopmentEnvironment\repository\jakarta\xml\bind\jakarta.xml.bind-api\2.3.2\jakarta.xml.bind-api-2.3.2.jar;D:\DevelopmentEnvironment\repository\jakarta\activation\jakarta.activation-api\1.2.2\jakarta.activation-api-1.2.2.jar;D:\DevelopmentEnvironment\repository\org\junit\jupiter\junit-jupiter\5.5.2\junit-jupiter-5.5.2.jar;D:\DevelopmentEnvironment\repository\org\junit\jupiter\junit-jupiter-api\5.5.2\junit-jupiter-api-5.5.2.jar;D:\DevelopmentEnvironment\repository\org\apiguardian\apiguardian-api\1.1.0\apiguardian-api-1.1.0.jar;D:\DevelopmentEnvironment\repository\org\opentest4j\opentest4j\1.2.0\opentest4j-1.2.0.jar;D:\DevelopmentEnvironment\repository\org\junit\platform\junit-platform-commons\1.5.2\junit-platform-commons-1.5.2.jar;D:\DevelopmentEnvironment\repository\org\junit\jupiter\junit-jupiter-params\5.5.2\junit-jupiter-params-5.5.2.jar;D:\DevelopmentEnvironment\repository\org\junit\jupiter\junit-jupiter-engine\5.5.2\junit-jupiter-engine-5.5.2.jar;D:\DevelopmentEnvironment\repository\org\junit\platform\junit-platform-engine\1.5.2\junit-platform-engine-1.5.2.jar;D:\DevelopmentEnvironment\repository\org\mockito\mockito-junit-jupiter\3.1.0\mockito-junit-jupiter-3.1.0.jar;D:\DevelopmentEnvironment\repository\org\assertj\assertj-core\3.13.2\assertj-core-3.13.2.jar;D:\DevelopmentEnvironment\repository\org\hamcrest\hamcrest\2.1\hamcrest-2.1.jar;D:\DevelopmentEnvironment\repository\org\mockito\mockito-core\3.1.0\mockito-core-3.1.0.jar;D:\DevelopmentEnvironment\repository\net\bytebuddy\byte-buddy\1.10.8\byte-buddy-1.10.8.jar;D:\DevelopmentEnvironment\repository\net\bytebuddy\byte-buddy-agent\1.10.8\byte-buddy-agent-1.10.8.jar;D:\DevelopmentEnvironment\repository\org\objenesis\objenesis\2.6\objenesis-2.6.jar;D:\DevelopmentEnvironment\repository\org\skyscreamer\jsonassert\1.5.0\jsonassert-1.5.0.jar;D:\DevelopmentEnvironment\repository\com\vaadin\external\google\android-json\0.0.20131108.vaadin1\android-json-0.0.20131108.vaadin1.jar;D:\DevelopmentEnvironment\repository\org\springframework\spring-test\5.2.4.RELEASE\spring-test-5.2.4.RELEASE.jar;D:\DevelopmentEnvironment\repository\org\xmlunit\xmlunit-core\2.6.3\xmlunit-core-2.6.3.jar;"/>
    <property name="sun.cpu.endian" value="little"/>
    <property name="user.home" value="C:\Users\Administrator"/>
    <property name="user.language" value="zh"/>
    <property name="java.specification.vendor" value="Oracle Corporation"/>
    <property name="java.home" value="D:\JDK\jdk1.8.0.151\jre"/>
    <property name="basedir" value="D:\Code\MyCode\springboot\spring-boot-08-starter\example-spring-boot-starter-autoconfigurer"/>
    <property name="file.separator" value="\"/>
    <property name="line.separator" value="&#10;"/>
    <property name="java.vm.specification.vendor" value="Oracle Corporation"/>
    <property name="java.specification.name" value="Java Platform API Specification"/>
    <property name="java.awt.graphicsenv" value="sun.awt.Win32GraphicsEnvironment"/>
    <property name="surefire.real.class.path" value="C:\Users\ADMINI~1\AppData\Local\Temp\surefire4193039803880200308\surefirebooter6470277551725289729.jar"/>
    <property name="sun.boot.class.path" value="D:\JDK\jdk1.8.0.151\jre\lib\resources.jar;D:\JDK\jdk1.8.0.151\jre\lib\rt.jar;D:\JDK\jdk1.8.0.151\jre\lib\sunrsasign.jar;D:\JDK\jdk1.8.0.151\jre\lib\jsse.jar;D:\JDK\jdk1.8.0.151\jre\lib\jce.jar;D:\JDK\jdk1.8.0.151\jre\lib\charsets.jar;D:\JDK\jdk1.8.0.151\jre\lib\jfr.jar;D:\JDK\jdk1.8.0.151\jre\classes"/>
    <property name="user.script" value=""/>
    <property name="sun.management.compiler" value="HotSpot 64-Bit Tiered Compilers"/>
    <property name="java.runtime.version" value="1.8.0_151-b12"/>
    <property name="user.name" value="Administrator"/>
    <property name="path.separator" value=";"/>
    <property name="os.version" value="10.0"/>
    <property name="java.endorsed.dirs" value="D:\JDK\jdk1.8.0.151\jre\lib\endorsed"/>
    <property name="java.runtime.name" value="Java(TM) SE Runtime Environment"/>
    <property name="file.encoding" value="GBK"/>
    <property name="java.vm.name" value="Java HotSpot(TM) 64-Bit Server VM"/>
    <property name="localRepository" value="D:\DevelopmentEnvironment\repository"/>
    <property name="java.vendor.url.bug" value="http://bugreport.sun.com/bugreport/"/>
    <property name="java.io.tmpdir" value="C:\Users\ADMINI~1\AppData\Local\Temp\"/>
    <property name="java.version" value="1.8.0_151"/>
    <property name="user.dir" value="D:\Code\MyCode\springboot\spring-boot-08-starter\example-spring-boot-starter-autoconfigurer"/>
    <property name="os.arch" value="amd64"/>
    <property name="java.vm.specification.name" value="Java Virtual Machine Specification"/>
    <property name="java.awt.printerjob" value="sun.awt.windows.WPrinterJob"/>
    <property name="sun.os.patch.level" value=""/>
    <property name="idea.version2019.3.3" value="true"/>
    <property name="java.library.path" value="D:\JDK\jdk1.8.0.151\jre\bin;C:\Windows\Sun\Java\bin;C:\Windows\system32;C:\Windows;D:\Program Files (x86)\NetSarang\Xlpd 6\;D:\Program Files (x86)\NetSarang\Xftp 6\;D:\Program Files (x86)\NetSarang\Xshell 6\;D:\Program Files (x86)\NetSarang\Xmanager 6\;D:\DataBase\oracle\product\11.2.0\dbhome_1\bin;C:\Windows\system32;C:\Windows;C:\Windows\System32\Wbem;C:\Windows\System32\WindowsPowerShell\v1.0\;C:\Windows\System32\OpenSSH\;D:\JDK\jdk1.8.0.151\bin;D:\Program Files\TortoiseSVN\bin;C:\PDESOFT\P90_OCR_ONLINE_PLUG\9.5.2;C:\Program Files (x86)\Microsoft SQL Server\100\Tools\Binn\;D:\Server\Microsoft SQL Server\100\Tools\Binn\;D:\Server\Microsoft SQL Server\100\DTS\Binn\;C:\Program Files (x86)\Microsoft SQL Server\100\Tools\Binn\VSShell\Common7\IDE\;C:\Program Files (x86)\Microsoft Visual Studio 9.0\Common7\IDE\PrivateAssemblies\;C:\Program Files (x86)\Microsoft SQL Server\100\DTS\Binn\;C:\Program Files (x86)\Microsoft SQL Server\150\DTS\Binn\;D:\DevelopmentEnvironment\node-v12.16.1-win-x64\;C:\Users\Administrator\AppData\Local\Microsoft\WindowsApps;C:\Users\Administrator\AppData\Roaming\npm;."/>
    <property name="java.vm.info" value="mixed mode"/>
    <property name="java.vendor" value="Oracle Corporation"/>
    <property name="java.vm.version" value="25.151-b12"/>
    <property name="java.ext.dirs" value="D:\JDK\jdk1.8.0.151\jre\lib\ext;C:\Windows\Sun\Java\lib\ext"/>
    <property name="sun.io.unicode.encoding" value="UnicodeLittle"/>
    <property name="java.class.version" value="52.0"/>
  </properties>
  <testcase name="com.example.ExampleSpringBootStarterAutoconfigurerApplicationTests" classname="com.example.ExampleSpringBootStarterAutoconfigurerApplicationTests" time="0.441">
    <error message="Unable to find a @SpringBootConfiguration, you need to use @ContextConfiguration or @SpringBootTest(classes=...) with your test" type="java.lang.IllegalStateException">java.lang.IllegalStateException: Unable to find a @SpringBootConfiguration, you need to use @ContextConfiguration or @SpringBootTest(classes=...) with your test
</error>
    <system-out><![CDATA[16:46:27.772 [main] DEBUG org.springframework.test.context.BootstrapUtils - Instantiating CacheAwareContextLoaderDelegate from class [org.springframework.test.context.cache.DefaultCacheAwareContextLoaderDelegate]
16:46:27.790 [main] DEBUG org.springframework.test.context.BootstrapUtils - Instantiating BootstrapContext using constructor [public org.springframework.test.context.support.DefaultBootstrapContext(java.lang.Class,org.springframework.test.context.CacheAwareContextLoaderDelegate)]
16:46:27.838 [main] DEBUG org.springframework.test.context.BootstrapUtils - Instantiating TestContextBootstrapper for test class [com.example.ExampleSpringBootStarterAutoconfigurerApplicationTests] from class [org.springframework.boot.test.context.SpringBootTestContextBootstrapper]
16:46:27.867 [main] INFO org.springframework.boot.test.context.SpringBootTestContextBootstrapper - Neither @ContextConfiguration nor @ContextHierarchy found for test class [com.example.ExampleSpringBootStarterAutoconfigurerApplicationTests], using SpringBootContextLoader
16:46:27.879 [main] DEBUG org.springframework.test.context.support.AbstractContextLoader - Did not detect default resource location for test class [com.example.ExampleSpringBootStarterAutoconfigurerApplicationTests]: class path resource [com/example/ExampleSpringBootStarterAutoconfigurerApplicationTests-context.xml] does not exist
16:46:27.883 [main] DEBUG org.springframework.test.context.support.AbstractContextLoader - Did not detect default resource location for test class [com.example.ExampleSpringBootStarterAutoconfigurerApplicationTests]: class path resource [com/example/ExampleSpringBootStarterAutoconfigurerApplicationTestsContext.groovy] does not exist
16:46:27.884 [main] INFO org.springframework.test.context.support.AbstractContextLoader - Could not detect default resource locations for test class [com.example.ExampleSpringBootStarterAutoconfigurerApplicationTests]: no resource found for suffixes {-context.xml, Context.groovy}.
16:46:27.888 [main] INFO org.springframework.test.context.support.AnnotationConfigContextLoaderUtils - Could not detect default configuration classes for test class [com.example.ExampleSpringBootStarterAutoconfigurerApplicationTests]: ExampleSpringBootStarterAutoconfigurerApplicationTests does not declare any static, non-private, non-final, nested classes annotated with @Configuration.
16:46:27.945 [main] DEBUG org.springframework.test.context.support.ActiveProfilesUtils - Could not find an 'annotation declaring class' for annotation type [org.springframework.test.context.ActiveProfiles] and class [com.example.ExampleSpringBootStarterAutoconfigurerApplicationTests]
16:46:28.054 [main] DEBUG org.springframework.test.context.BootstrapUtils - Instantiating CacheAwareContextLoaderDelegate from class [org.springframework.test.context.cache.DefaultCacheAwareContextLoaderDelegate]
16:46:28.055 [main] DEBUG org.springframework.test.context.BootstrapUtils - Instantiating BootstrapContext using constructor [public org.springframework.test.context.support.DefaultBootstrapContext(java.lang.Class,org.springframework.test.context.CacheAwareContextLoaderDelegate)]
16:46:28.055 [main] DEBUG org.springframework.test.context.BootstrapUtils - Instantiating TestContextBootstrapper for test class [com.example.ExampleSpringBootStarterAutoconfigurerApplicationTests] from class [org.springframework.boot.test.context.SpringBootTestContextBootstrapper]
16:46:28.057 [main] INFO org.springframework.boot.test.context.SpringBootTestContextBootstrapper - Neither @ContextConfiguration nor @ContextHierarchy found for test class [com.example.ExampleSpringBootStarterAutoconfigurerApplicationTests], using SpringBootContextLoader
16:46:28.060 [main] DEBUG org.springframework.test.context.support.AbstractContextLoader - Did not detect default resource location for test class [com.example.ExampleSpringBootStarterAutoconfigurerApplicationTests]: class path resource [com/example/ExampleSpringBootStarterAutoconfigurerApplicationTests-context.xml] does not exist
16:46:28.060 [main] DEBUG org.springframework.test.context.support.AbstractContextLoader - Did not detect default resource location for test class [com.example.ExampleSpringBootStarterAutoconfigurerApplicationTests]: class path resource [com/example/ExampleSpringBootStarterAutoconfigurerApplicationTestsContext.groovy] does not exist
16:46:28.061 [main] INFO org.springframework.test.context.support.AbstractContextLoader - Could not detect default resource locations for test class [com.example.ExampleSpringBootStarterAutoconfigurerApplicationTests]: no resource found for suffixes {-context.xml, Context.groovy}.
16:46:28.061 [main] INFO org.springframework.test.context.support.AnnotationConfigContextLoaderUtils - Could not detect default configuration classes for test class [com.example.ExampleSpringBootStarterAutoconfigurerApplicationTests]: ExampleSpringBootStarterAutoconfigurerApplicationTests does not declare any static, non-private, non-final, nested classes annotated with @Configuration.
16:46:28.065 [main] DEBUG org.springframework.test.context.support.ActiveProfilesUtils - Could not find an 'annotation declaring class' for annotation type [org.springframework.test.context.ActiveProfiles] and class [com.example.ExampleSpringBootStarterAutoconfigurerApplicationTests]
16:46:28.075 [main] DEBUG org.springframework.test.context.BootstrapUtils - Instantiating CacheAwareContextLoaderDelegate from class [org.springframework.test.context.cache.DefaultCacheAwareContextLoaderDelegate]
16:46:28.076 [main] DEBUG org.springframework.test.context.BootstrapUtils - Instantiating BootstrapContext using constructor [public org.springframework.test.context.support.DefaultBootstrapContext(java.lang.Class,org.springframework.test.context.CacheAwareContextLoaderDelegate)]
16:46:28.078 [main] DEBUG org.springframework.test.context.BootstrapUtils - Instantiating TestContextBootstrapper for test class [com.example.ExampleSpringBootStarterAutoconfigurerApplicationTests] from class [org.springframework.boot.test.context.SpringBootTestContextBootstrapper]
16:46:28.082 [main] INFO org.springframework.boot.test.context.SpringBootTestContextBootstrapper - Neither @ContextConfiguration nor @ContextHierarchy found for test class [com.example.ExampleSpringBootStarterAutoconfigurerApplicationTests], using SpringBootContextLoader
16:46:28.083 [main] DEBUG org.springframework.test.context.support.AbstractContextLoader - Did not detect default resource location for test class [com.example.ExampleSpringBootStarterAutoconfigurerApplicationTests]: class path resource [com/example/ExampleSpringBootStarterAutoconfigurerApplicationTests-context.xml] does not exist
16:46:28.084 [main] DEBUG org.springframework.test.context.support.AbstractContextLoader - Did not detect default resource location for test class [com.example.ExampleSpringBootStarterAutoconfigurerApplicationTests]: class path resource [com/example/ExampleSpringBootStarterAutoconfigurerApplicationTestsContext.groovy] does not exist
16:46:28.085 [main] INFO org.springframework.test.context.support.AbstractContextLoader - Could not detect default resource locations for test class [com.example.ExampleSpringBootStarterAutoconfigurerApplicationTests]: no resource found for suffixes {-context.xml, Context.groovy}.
16:46:28.087 [main] INFO org.springframework.test.context.support.AnnotationConfigContextLoaderUtils - Could not detect default configuration classes for test class [com.example.ExampleSpringBootStarterAutoconfigurerApplicationTests]: ExampleSpringBootStarterAutoconfigurerApplicationTests does not declare any static, non-private, non-final, nested classes annotated with @Configuration.
16:46:28.090 [main] DEBUG org.springframework.test.context.support.ActiveProfilesUtils - Could not find an 'annotation declaring class' for annotation type [org.springframework.test.context.ActiveProfiles] and class [com.example.ExampleSpringBootStarterAutoconfigurerApplicationTests]
]]></system-out>
  </testcase>
</testsuite>