<?xml version="1.0" encoding="UTF-8"?>
<testsuite xmlns:xsi="http://www.w3.org/2001/XMLSchema-instance" xsi:noNamespaceSchemaLocation="https://maven.apache.org/surefire/maven-surefire-plugin/xsd/surefire-test-report.xsd" name="com.example.Springboot15SpringcloudProviderApplicationTests" time="13.07" tests="1" errors="0" skipped="0" failures="0">
  <properties>
    <property name="sun.desktop" value="windows"/>
    <property name="awt.toolkit" value="sun.awt.windows.WToolkit"/>
    <property name="file.encoding.pkg" value="sun.io"/>
    <property name="java.specification.version" value="1.8"/>
    <property name="sun.cpu.isalist" value="amd64"/>
    <property name="sun.jnu.encoding" value="GBK"/>
    <property name="java.class.path" value="D:\Code\MyCode\springboot\springboot-15-springcloud-provider\target\test-classes;D:\Code\MyCode\springboot\springboot-15-springcloud-provider\target\classes;D:\DevelopmentEnvironment\repository\org\springframework\cloud\spring-cloud-starter-netflix-eureka-client\2.2.2.RELEASE\spring-cloud-starter-netflix-eureka-client-2.2.2.RELEASE.jar;D:\DevelopmentEnvironment\repository\org\springframework\cloud\spring-cloud-starter\2.2.2.RELEASE\spring-cloud-starter-2.2.2.RELEASE.jar;D:\DevelopmentEnvironment\repository\org\springframework\cloud\spring-cloud-context\2.2.2.RELEASE\spring-cloud-context-2.2.2.RELEASE.jar;D:\DevelopmentEnvironment\repository\org\springframework\security\spring-security-crypto\5.2.2.RELEASE\spring-security-crypto-5.2.2.RELEASE.jar;D:\DevelopmentEnvironment\repository\org\springframework\cloud\spring-cloud-commons\2.2.2.RELEASE\spring-cloud-commons-2.2.2.RELEASE.jar;D:\DevelopmentEnvironment\repository\org\springframework\security\spring-security-rsa\1.0.9.RELEASE\spring-security-rsa-1.0.9.RELEASE.jar;D:\DevelopmentEnvironment\repository\org\bouncycastle\bcpkix-jdk15on\1.64\bcpkix-jdk15on-1.64.jar;D:\DevelopmentEnvironment\repository\org\bouncycastle\bcprov-jdk15on\1.64\bcprov-jdk15on-1.64.jar;D:\DevelopmentEnvironment\repository\org\springframework\cloud\spring-cloud-netflix-hystrix\2.2.2.RELEASE\spring-cloud-netflix-hystrix-2.2.2.RELEASE.jar;D:\DevelopmentEnvironment\repository\org\springframework\boot\spring-boot-starter-aop\2.2.5.RELEASE\spring-boot-starter-aop-2.2.5.RELEASE.jar;D:\DevelopmentEnvironment\repository\org\aspectj\aspectjweaver\1.9.5\aspectjweaver-1.9.5.jar;D:\DevelopmentEnvironment\repository\org\springframework\cloud\spring-cloud-netflix-eureka-client\2.2.2.RELEASE\spring-cloud-netflix-eureka-client-2.2.2.RELEASE.jar;D:\DevelopmentEnvironment\repository\com\netflix\eureka\eureka-client\1.9.17\eureka-client-1.9.17.jar;D:\DevelopmentEnvironment\repository\org\codehaus\jettison\jettison\1.3.7\jettison-1.3.7.jar;D:\DevelopmentEnvironment\repository\stax\stax-api\1.0.1\stax-api-1.0.1.jar;D:\DevelopmentEnvironment\repository\com\netflix\netflix-commons\netflix-eventbus\0.3.0\netflix-eventbus-0.3.0.jar;D:\DevelopmentEnvironment\repository\com\netflix\netflix-commons\netflix-infix\0.3.0\netflix-infix-0.3.0.jar;D:\DevelopmentEnvironment\repository\commons-jxpath\commons-jxpath\1.3\commons-jxpath-1.3.jar;D:\DevelopmentEnvironment\repository\joda-time\joda-time\2.10.5\joda-time-2.10.5.jar;D:\DevelopmentEnvironment\repository\org\antlr\antlr-runtime\3.4\antlr-runtime-3.4.jar;D:\DevelopmentEnvironment\repository\org\antlr\stringtemplate\3.2.1\stringtemplate-3.2.1.jar;D:\DevelopmentEnvironment\repository\antlr\antlr\2.7.7\antlr-2.7.7.jar;D:\DevelopmentEnvironment\repository\com\google\code\gson\gson\2.8.6\gson-2.8.6.jar;D:\DevelopmentEnvironment\repository\org\apache\commons\commons-math\2.2\commons-math-2.2.jar;D:\DevelopmentEnvironment\repository\com\netflix\archaius\archaius-core\0.7.6\archaius-core-0.7.6.jar;D:\DevelopmentEnvironment\repository\com\google\guava\guava\28.2-android\guava-28.2-android.jar;D:\DevelopmentEnvironment\repository\com\google\guava\failureaccess\1.0.1\failureaccess-1.0.1.jar;D:\DevelopmentEnvironment\repository\com\google\guava\listenablefuture\9999.0-empty-to-avoid-conflict-with-guava\listenablefuture-9999.0-empty-to-avoid-conflict-with-guava.jar;D:\DevelopmentEnvironment\repository\org\checkerframework\checker-compat-qual\2.5.5\checker-compat-qual-2.5.5.jar;D:\DevelopmentEnvironment\repository\com\google\errorprone\error_prone_annotations\2.3.4\error_prone_annotations-2.3.4.jar;D:\DevelopmentEnvironment\repository\com\google\j2objc\j2objc-annotations\1.3\j2objc-annotations-1.3.jar;D:\DevelopmentEnvironment\repository\javax\ws\rs\jsr311-api\1.1.1\jsr311-api-1.1.1.jar;D:\DevelopmentEnvironment\repository\com\netflix\servo\servo-core\0.12.21\servo-core-0.12.21.jar;D:\DevelopmentEnvironment\repository\com\sun\jersey\jersey-core\1.19.1\jersey-core-1.19.1.jar;D:\DevelopmentEnvironment\repository\com\sun\jersey\jersey-client\1.19.1\jersey-client-1.19.1.jar;D:\DevelopmentEnvironment\repository\com\sun\jersey\contribs\jersey-apache-client4\1.19.1\jersey-apache-client4-1.19.1.jar;D:\DevelopmentEnvironment\repository\org\apache\httpcomponents\httpclient\4.5.11\httpclient-4.5.11.jar;D:\DevelopmentEnvironment\repository\org\apache\httpcomponents\httpcore\4.4.13\httpcore-4.4.13.jar;D:\DevelopmentEnvironment\repository\commons-codec\commons-codec\1.13\commons-codec-1.13.jar;D:\DevelopmentEnvironment\repository\com\google\inject\guice\4.1.0\guice-4.1.0.jar;D:\DevelopmentEnvironment\repository\javax\inject\javax.inject\1\javax.inject-1.jar;D:\DevelopmentEnvironment\repository\aopalliance\aopalliance\1.0\aopalliance-1.0.jar;D:\DevelopmentEnvironment\repository\com\fasterxml\jackson\core\jackson-annotations\2.10.2\jackson-annotations-2.10.2.jar;D:\DevelopmentEnvironment\repository\com\fasterxml\jackson\core\jackson-core\2.10.2\jackson-core-2.10.2.jar;D:\DevelopmentEnvironment\repository\com\fasterxml\jackson\core\jackson-databind\2.10.2\jackson-databind-2.10.2.jar;D:\DevelopmentEnvironment\repository\com\netflix\eureka\eureka-core\1.9.17\eureka-core-1.9.17.jar;D:\DevelopmentEnvironment\repository\com\fasterxml\woodstox\woodstox-core\5.2.1\woodstox-core-5.2.1.jar;D:\DevelopmentEnvironment\repository\org\codehaus\woodstox\stax2-api\4.2\stax2-api-4.2.jar;D:\DevelopmentEnvironment\repository\org\springframework\cloud\spring-cloud-starter-netflix-archaius\2.2.2.RELEASE\spring-cloud-starter-netflix-archaius-2.2.2.RELEASE.jar;D:\DevelopmentEnvironment\repository\org\springframework\cloud\spring-cloud-netflix-ribbon\2.2.2.RELEASE\spring-cloud-netflix-ribbon-2.2.2.RELEASE.jar;D:\DevelopmentEnvironment\repository\org\springframework\cloud\spring-cloud-netflix-archaius\2.2.2.RELEASE\spring-cloud-netflix-archaius-2.2.2.RELEASE.jar;D:\DevelopmentEnvironment\repository\commons-configuration\commons-configuration\1.8\commons-configuration-1.8.jar;D:\DevelopmentEnvironment\repository\commons-lang\commons-lang\2.6\commons-lang-2.6.jar;D:\DevelopmentEnvironment\repository\org\springframework\cloud\spring-cloud-starter-netflix-ribbon\2.2.2.RELEASE\spring-cloud-starter-netflix-ribbon-2.2.2.RELEASE.jar;D:\DevelopmentEnvironment\repository\com\netflix\ribbon\ribbon\2.3.0\ribbon-2.3.0.jar;D:\DevelopmentEnvironment\repository\com\netflix\ribbon\ribbon-transport\2.3.0\ribbon-transport-2.3.0.jar;D:\DevelopmentEnvironment\repository\io\reactivex\rxnetty-contexts\0.4.9\rxnetty-contexts-0.4.9.jar;D:\DevelopmentEnvironment\repository\io\reactivex\rxnetty-servo\0.4.9\rxnetty-servo-0.4.9.jar;D:\DevelopmentEnvironment\repository\com\netflix\hystrix\hystrix-core\1.5.18\hystrix-core-1.5.18.jar;D:\DevelopmentEnvironment\repository\org\hdrhistogram\HdrHistogram\2.1.9\HdrHistogram-2.1.9.jar;D:\DevelopmentEnvironment\repository\io\reactivex\rxnetty\0.4.9\rxnetty-0.4.9.jar;D:\DevelopmentEnvironment\repository\com\netflix\ribbon\ribbon-core\2.3.0\ribbon-core-2.3.0.jar;D:\DevelopmentEnvironment\repository\com\netflix\ribbon\ribbon-httpclient\2.3.0\ribbon-httpclient-2.3.0.jar;D:\DevelopmentEnvironment\repository\commons-collections\commons-collections\3.2.2\commons-collections-3.2.2.jar;D:\DevelopmentEnvironment\repository\com\netflix\netflix-commons\netflix-commons-util\0.3.0\netflix-commons-util-0.3.0.jar;D:\DevelopmentEnvironment\repository\com\netflix\ribbon\ribbon-loadbalancer\2.3.0\ribbon-loadbalancer-2.3.0.jar;D:\DevelopmentEnvironment\repository\com\netflix\netflix-commons\netflix-statistics\0.1.1\netflix-statistics-0.1.1.jar;D:\DevelopmentEnvironment\repository\io\reactivex\rxjava\1.3.8\rxjava-1.3.8.jar;D:\DevelopmentEnvironment\repository\org\springframework\cloud\spring-cloud-starter-loadbalancer\2.2.2.RELEASE\spring-cloud-starter-loadbalancer-2.2.2.RELEASE.jar;D:\DevelopmentEnvironment\repository\org\springframework\cloud\spring-cloud-loadbalancer\2.2.2.RELEASE\spring-cloud-loadbalancer-2.2.2.RELEASE.jar;D:\DevelopmentEnvironment\repository\io\projectreactor\reactor-core\3.3.3.RELEASE\reactor-core-3.3.3.RELEASE.jar;D:\DevelopmentEnvironment\repository\org\reactivestreams\reactive-streams\1.0.3\reactive-streams-1.0.3.jar;D:\DevelopmentEnvironment\repository\io\projectreactor\addons\reactor-extra\3.3.2.RELEASE\reactor-extra-3.3.2.RELEASE.jar;D:\DevelopmentEnvironment\repository\org\springframework\boot\spring-boot-starter-cache\2.2.5.RELEASE\spring-boot-starter-cache-2.2.5.RELEASE.jar;D:\DevelopmentEnvironment\repository\org\springframework\spring-context-support\5.2.4.RELEASE\spring-context-support-5.2.4.RELEASE.jar;D:\DevelopmentEnvironment\repository\com\stoyanr\evictor\1.0.0\evictor-1.0.0.jar;D:\DevelopmentEnvironment\repository\com\netflix\ribbon\ribbon-eureka\2.3.0\ribbon-eureka-2.3.0.jar;D:\DevelopmentEnvironment\repository\org\slf4j\slf4j-api\1.7.30\slf4j-api-1.7.30.jar;D:\DevelopmentEnvironment\repository\com\thoughtworks\xstream\xstream\1.4.11.1\xstream-1.4.11.1.jar;D:\DevelopmentEnvironment\repository\xmlpull\xmlpull\1.1.3.1\xmlpull-1.1.3.1.jar;D:\DevelopmentEnvironment\repository\xpp3\xpp3_min\1.1.4c\xpp3_min-1.1.4c.jar;D:\DevelopmentEnvironment\repository\org\springframework\boot\spring-boot-devtools\2.2.5.RELEASE\spring-boot-devtools-2.2.5.RELEASE.jar;D:\DevelopmentEnvironment\repository\org\springframework\boot\spring-boot\2.2.5.RELEASE\spring-boot-2.2.5.RELEASE.jar;D:\DevelopmentEnvironment\repository\org\springframework\spring-context\5.2.4.RELEASE\spring-context-5.2.4.RELEASE.jar;D:\DevelopmentEnvironment\repository\org\springframework\boot\spring-boot-autoconfigure\2.2.5.RELEASE\spring-boot-autoconfigure-2.2.5.RELEASE.jar;D:\DevelopmentEnvironment\repository\org\springframework\boot\spring-boot-starter-test\2.2.5.RELEASE\spring-boot-starter-test-2.2.5.RELEASE.jar;D:\DevelopmentEnvironment\repository\org\springframework\boot\spring-boot-starter\2.2.5.RELEASE\spring-boot-starter-2.2.5.RELEASE.jar;D:\DevelopmentEnvironment\repository\org\springframework\boot\spring-boot-starter-logging\2.2.5.RELEASE\spring-boot-starter-logging-2.2.5.RELEASE.jar;D:\DevelopmentEnvironment\repository\ch\qos\logback\logback-classic\1.2.3\logback-classic-1.2.3.jar;D:\DevelopmentEnvironment\repository\ch\qos\logback\logback-core\1.2.3\logback-core-1.2.3.jar;D:\DevelopmentEnvironment\repository\org\apache\logging\log4j\log4j-to-slf4j\2.12.1\log4j-to-slf4j-2.12.1.jar;D:\DevelopmentEnvironment\repository\org\apache\logging\log4j\log4j-api\2.12.1\log4j-api-2.12.1.jar;D:\DevelopmentEnvironment\repository\org\slf4j\jul-to-slf4j\1.7.30\jul-to-slf4j-1.7.30.jar;D:\DevelopmentEnvironment\repository\jakarta\annotation\jakarta.annotation-api\1.3.5\jakarta.annotation-api-1.3.5.jar;D:\DevelopmentEnvironment\repository\org\yaml\snakeyaml\1.25\snakeyaml-1.25.jar;D:\DevelopmentEnvironment\repository\org\springframework\boot\spring-boot-test\2.2.5.RELEASE\spring-boot-test-2.2.5.RELEASE.jar;D:\DevelopmentEnvironment\repository\org\springframework\boot\spring-boot-test-autoconfigure\2.2.5.RELEASE\spring-boot-test-autoconfigure-2.2.5.RELEASE.jar;D:\DevelopmentEnvironment\repository\com\jayway\jsonpath\json-path\2.4.0\json-path-2.4.0.jar;D:\DevelopmentEnvironment\repository\net\minidev\json-smart\2.3\json-smart-2.3.jar;D:\DevelopmentEnvironment\repository\net\minidev\accessors-smart\1.2\accessors-smart-1.2.jar;D:\DevelopmentEnvironment\repository\org\ow2\asm\asm\5.0.4\asm-5.0.4.jar;D:\DevelopmentEnvironment\repository\jakarta\xml\bind\jakarta.xml.bind-api\2.3.2\jakarta.xml.bind-api-2.3.2.jar;D:\DevelopmentEnvironment\repository\jakarta\activation\jakarta.activation-api\1.2.2\jakarta.activation-api-1.2.2.jar;D:\DevelopmentEnvironment\repository\org\junit\jupiter\junit-jupiter\5.5.2\junit-jupiter-5.5.2.jar;D:\DevelopmentEnvironment\repository\org\junit\jupiter\junit-jupiter-api\5.5.2\junit-jupiter-api-5.5.2.jar;D:\DevelopmentEnvironment\repository\org\apiguardian\apiguardian-api\1.1.0\apiguardian-api-1.1.0.jar;D:\DevelopmentEnvironment\repository\org\opentest4j\opentest4j\1.2.0\opentest4j-1.2.0.jar;D:\DevelopmentEnvironment\repository\org\junit\platform\junit-platform-commons\1.5.2\junit-platform-commons-1.5.2.jar;D:\DevelopmentEnvironment\repository\org\junit\jupiter\junit-jupiter-params\5.5.2\junit-jupiter-params-5.5.2.jar;D:\DevelopmentEnvironment\repository\org\junit\jupiter\junit-jupiter-engine\5.5.2\junit-jupiter-engine-5.5.2.jar;D:\DevelopmentEnvironment\repository\org\junit\platform\junit-platform-engine\1.5.2\junit-platform-engine-1.5.2.jar;D:\DevelopmentEnvironment\repository\org\mockito\mockito-junit-jupiter\3.1.0\mockito-junit-jupiter-3.1.0.jar;D:\DevelopmentEnvironment\repository\org\assertj\assertj-core\3.13.2\assertj-core-3.13.2.jar;D:\DevelopmentEnvironment\repository\org\hamcrest\hamcrest\2.1\hamcrest-2.1.jar;D:\DevelopmentEnvironment\repository\org\mockito\mockito-core\3.1.0\mockito-core-3.1.0.jar;D:\DevelopmentEnvironment\repository\net\bytebuddy\byte-buddy\1.10.8\byte-buddy-1.10.8.jar;D:\DevelopmentEnvironment\repository\net\bytebuddy\byte-buddy-agent\1.10.8\byte-buddy-agent-1.10.8.jar;D:\DevelopmentEnvironment\repository\org\objenesis\objenesis\2.6\objenesis-2.6.jar;D:\DevelopmentEnvironment\repository\org\skyscreamer\jsonassert\1.5.0\jsonassert-1.5.0.jar;D:\DevelopmentEnvironment\repository\com\vaadin\external\google\android-json\0.0.20131108.vaadin1\android-json-0.0.20131108.vaadin1.jar;D:\DevelopmentEnvironment\repository\org\springframework\spring-core\5.2.4.RELEASE\spring-core-5.2.4.RELEASE.jar;D:\DevelopmentEnvironment\repository\org\springframework\spring-jcl\5.2.4.RELEASE\spring-jcl-5.2.4.RELEASE.jar;D:\DevelopmentEnvironment\repository\org\springframework\spring-test\5.2.4.RELEASE\spring-test-5.2.4.RELEASE.jar;D:\DevelopmentEnvironment\repository\org\xmlunit\xmlunit-core\2.6.3\xmlunit-core-2.6.3.jar;D:\DevelopmentEnvironment\repository\org\springframework\boot\spring-boot-starter-web\2.2.5.RELEASE\spring-boot-starter-web-2.2.5.RELEASE.jar;D:\DevelopmentEnvironment\repository\org\springframework\boot\spring-boot-starter-json\2.2.5.RELEASE\spring-boot-starter-json-2.2.5.RELEASE.jar;D:\DevelopmentEnvironment\repository\com\fasterxml\jackson\datatype\jackson-datatype-jdk8\2.10.2\jackson-datatype-jdk8-2.10.2.jar;D:\DevelopmentEnvironment\repository\com\fasterxml\jackson\datatype\jackson-datatype-jsr310\2.10.2\jackson-datatype-jsr310-2.10.2.jar;D:\DevelopmentEnvironment\repository\com\fasterxml\jackson\module\jackson-module-parameter-names\2.10.2\jackson-module-parameter-names-2.10.2.jar;D:\DevelopmentEnvironment\repository\org\springframework\boot\spring-boot-starter-tomcat\2.2.5.RELEASE\spring-boot-starter-tomcat-2.2.5.RELEASE.jar;D:\DevelopmentEnvironment\repository\org\apache\tomcat\embed\tomcat-embed-core\9.0.31\tomcat-embed-core-9.0.31.jar;D:\DevelopmentEnvironment\repository\org\apache\tomcat\embed\tomcat-embed-el\9.0.31\tomcat-embed-el-9.0.31.jar;D:\DevelopmentEnvironment\repository\org\apache\tomcat\embed\tomcat-embed-websocket\9.0.31\tomcat-embed-websocket-9.0.31.jar;D:\DevelopmentEnvironment\repository\org\springframework\boot\spring-boot-starter-validation\2.2.5.RELEASE\spring-boot-starter-validation-2.2.5.RELEASE.jar;D:\DevelopmentEnvironment\repository\jakarta\validation\jakarta.validation-api\2.0.2\jakarta.validation-api-2.0.2.jar;D:\DevelopmentEnvironment\repository\org\hibernate\validator\hibernate-validator\6.0.18.Final\hibernate-validator-6.0.18.Final.jar;D:\DevelopmentEnvironment\repository\org\jboss\logging\jboss-logging\3.4.1.Final\jboss-logging-3.4.1.Final.jar;D:\DevelopmentEnvironment\repository\com\fasterxml\classmate\1.5.1\classmate-1.5.1.jar;D:\DevelopmentEnvironment\repository\org\springframework\spring-web\5.2.4.RELEASE\spring-web-5.2.4.RELEASE.jar;D:\DevelopmentEnvironment\repository\org\springframework\spring-beans\5.2.4.RELEASE\spring-beans-5.2.4.RELEASE.jar;D:\DevelopmentEnvironment\repository\org\springframework\spring-webmvc\5.2.4.RELEASE\spring-webmvc-5.2.4.RELEASE.jar;D:\DevelopmentEnvironment\repository\org\springframework\spring-aop\5.2.4.RELEASE\spring-aop-5.2.4.RELEASE.jar;D:\DevelopmentEnvironment\repository\org\springframework\spring-expression\5.2.4.RELEASE\spring-expression-5.2.4.RELEASE.jar;"/>
    <property name="java.vm.vendor" value="Oracle Corporation"/>
    <property name="sun.arch.data.model" value="64"/>
    <property name="user.variant" value=""/>
    <property name="java.vendor.url" value="http://java.oracle.com/"/>
    <property name="user.timezone" value="Asia/Shanghai"/>
    <property name="java.vm.specification.version" value="1.8"/>
    <property name="os.name" value="Windows 10"/>
    <property name="user.country" value="CN"/>
    <property name="sun.java.launcher" value="SUN_STANDARD"/>
    <property name="sun.boot.library.path" value="D:\JDK\jdk1.8.0.151\jre\bin"/>
    <property name="sun.java.command" value="C:\Users\ADMINI~1\AppData\Local\Temp\surefire8038199363140201814\surefirebooter522745173747945225.jar C:\Users\Administrator\AppData\Local\Temp\surefire8038199363140201814 2020-03-15T21-33-57_412-jvmRun1 surefire6698624598433276363tmp surefire_04054099162770129293tmp"/>
    <property name="surefire.test.class.path" value="D:\Code\MyCode\springboot\springboot-15-springcloud-provider\target\test-classes;D:\Code\MyCode\springboot\springboot-15-springcloud-provider\target\classes;D:\DevelopmentEnvironment\repository\org\springframework\cloud\spring-cloud-starter-netflix-eureka-client\2.2.2.RELEASE\spring-cloud-starter-netflix-eureka-client-2.2.2.RELEASE.jar;D:\DevelopmentEnvironment\repository\org\springframework\cloud\spring-cloud-starter\2.2.2.RELEASE\spring-cloud-starter-2.2.2.RELEASE.jar;D:\DevelopmentEnvironment\repository\org\springframework\cloud\spring-cloud-context\2.2.2.RELEASE\spring-cloud-context-2.2.2.RELEASE.jar;D:\DevelopmentEnvironment\repository\org\springframework\security\spring-security-crypto\5.2.2.RELEASE\spring-security-crypto-5.2.2.RELEASE.jar;D:\DevelopmentEnvironment\repository\org\springframework\cloud\spring-cloud-commons\2.2.2.RELEASE\spring-cloud-commons-2.2.2.RELEASE.jar;D:\DevelopmentEnvironment\repository\org\springframework\security\spring-security-rsa\1.0.9.RELEASE\spring-security-rsa-1.0.9.RELEASE.jar;D:\DevelopmentEnvironment\repository\org\bouncycastle\bcpkix-jdk15on\1.64\bcpkix-jdk15on-1.64.jar;D:\DevelopmentEnvironment\repository\org\bouncycastle\bcprov-jdk15on\1.64\bcprov-jdk15on-1.64.jar;D:\DevelopmentEnvironment\repository\org\springframework\cloud\spring-cloud-netflix-hystrix\2.2.2.RELEASE\spring-cloud-netflix-hystrix-2.2.2.RELEASE.jar;D:\DevelopmentEnvironment\repository\org\springframework\boot\spring-boot-starter-aop\2.2.5.RELEASE\spring-boot-starter-aop-2.2.5.RELEASE.jar;D:\DevelopmentEnvironment\repository\org\aspectj\aspectjweaver\1.9.5\aspectjweaver-1.9.5.jar;D:\DevelopmentEnvironment\repository\org\springframework\cloud\spring-cloud-netflix-eureka-client\2.2.2.RELEASE\spring-cloud-netflix-eureka-client-2.2.2.RELEASE.jar;D:\DevelopmentEnvironment\repository\com\netflix\eureka\eureka-client\1.9.17\eureka-client-1.9.17.jar;D:\DevelopmentEnvironment\repository\org\codehaus\jettison\jettison\1.3.7\jettison-1.3.7.jar;D:\DevelopmentEnvironment\repository\stax\stax-api\1.0.1\stax-api-1.0.1.jar;D:\DevelopmentEnvironment\repository\com\netflix\netflix-commons\netflix-eventbus\0.3.0\netflix-eventbus-0.3.0.jar;D:\DevelopmentEnvironment\repository\com\netflix\netflix-commons\netflix-infix\0.3.0\netflix-infix-0.3.0.jar;D:\DevelopmentEnvironment\repository\commons-jxpath\commons-jxpath\1.3\commons-jxpath-1.3.jar;D:\DevelopmentEnvironment\repository\joda-time\joda-time\2.10.5\joda-time-2.10.5.jar;D:\DevelopmentEnvironment\repository\org\antlr\antlr-runtime\3.4\antlr-runtime-3.4.jar;D:\DevelopmentEnvironment\repository\org\antlr\stringtemplate\3.2.1\stringtemplate-3.2.1.jar;D:\DevelopmentEnvironment\repository\antlr\antlr\2.7.7\antlr-2.7.7.jar;D:\DevelopmentEnvironment\repository\com\google\code\gson\gson\2.8.6\gson-2.8.6.jar;D:\DevelopmentEnvironment\repository\org\apache\commons\commons-math\2.2\commons-math-2.2.jar;D:\DevelopmentEnvironment\repository\com\netflix\archaius\archaius-core\0.7.6\archaius-core-0.7.6.jar;D:\DevelopmentEnvironment\repository\com\google\guava\guava\28.2-android\guava-28.2-android.jar;D:\DevelopmentEnvironment\repository\com\google\guava\failureaccess\1.0.1\failureaccess-1.0.1.jar;D:\DevelopmentEnvironment\repository\com\google\guava\listenablefuture\9999.0-empty-to-avoid-conflict-with-guava\listenablefuture-9999.0-empty-to-avoid-conflict-with-guava.jar;D:\DevelopmentEnvironment\repository\org\checkerframework\checker-compat-qual\2.5.5\checker-compat-qual-2.5.5.jar;D:\DevelopmentEnvironment\repository\com\google\errorprone\error_prone_annotations\2.3.4\error_prone_annotations-2.3.4.jar;D:\DevelopmentEnvironment\repository\com\google\j2objc\j2objc-annotations\1.3\j2objc-annotations-1.3.jar;D:\DevelopmentEnvironment\repository\javax\ws\rs\jsr311-api\1.1.1\jsr311-api-1.1.1.jar;D:\DevelopmentEnvironment\repository\com\netflix\servo\servo-core\0.12.21\servo-core-0.12.21.jar;D:\DevelopmentEnvironment\repository\com\sun\jersey\jersey-core\1.19.1\jersey-core-1.19.1.jar;D:\DevelopmentEnvironment\repository\com\sun\jersey\jersey-client\1.19.1\jersey-client-1.19.1.jar;D:\DevelopmentEnvironment\repository\com\sun\jersey\contribs\jersey-apache-client4\1.19.1\jersey-apache-client4-1.19.1.jar;D:\DevelopmentEnvironment\repository\org\apache\httpcomponents\httpclient\4.5.11\httpclient-4.5.11.jar;D:\DevelopmentEnvironment\repository\org\apache\httpcomponents\httpcore\4.4.13\httpcore-4.4.13.jar;D:\DevelopmentEnvironment\repository\commons-codec\commons-codec\1.13\commons-codec-1.13.jar;D:\DevelopmentEnvironment\repository\com\google\inject\guice\4.1.0\guice-4.1.0.jar;D:\DevelopmentEnvironment\repository\javax\inject\javax.inject\1\javax.inject-1.jar;D:\DevelopmentEnvironment\repository\aopalliance\aopalliance\1.0\aopalliance-1.0.jar;D:\DevelopmentEnvironment\repository\com\fasterxml\jackson\core\jackson-annotations\2.10.2\jackson-annotations-2.10.2.jar;D:\DevelopmentEnvironment\repository\com\fasterxml\jackson\core\jackson-core\2.10.2\jackson-core-2.10.2.jar;D:\DevelopmentEnvironment\repository\com\fasterxml\jackson\core\jackson-databind\2.10.2\jackson-databind-2.10.2.jar;D:\DevelopmentEnvironment\repository\com\netflix\eureka\eureka-core\1.9.17\eureka-core-1.9.17.jar;D:\DevelopmentEnvironment\repository\com\fasterxml\woodstox\woodstox-core\5.2.1\woodstox-core-5.2.1.jar;D:\DevelopmentEnvironment\repository\org\codehaus\woodstox\stax2-api\4.2\stax2-api-4.2.jar;D:\DevelopmentEnvironment\repository\org\springframework\cloud\spring-cloud-starter-netflix-archaius\2.2.2.RELEASE\spring-cloud-starter-netflix-archaius-2.2.2.RELEASE.jar;D:\DevelopmentEnvironment\repository\org\springframework\cloud\spring-cloud-netflix-ribbon\2.2.2.RELEASE\spring-cloud-netflix-ribbon-2.2.2.RELEASE.jar;D:\DevelopmentEnvironment\repository\org\springframework\cloud\spring-cloud-netflix-archaius\2.2.2.RELEASE\spring-cloud-netflix-archaius-2.2.2.RELEASE.jar;D:\DevelopmentEnvironment\repository\commons-configuration\commons-configuration\1.8\commons-configuration-1.8.jar;D:\DevelopmentEnvironment\repository\commons-lang\commons-lang\2.6\commons-lang-2.6.jar;D:\DevelopmentEnvironment\repository\org\springframework\cloud\spring-cloud-starter-netflix-ribbon\2.2.2.RELEASE\spring-cloud-starter-netflix-ribbon-2.2.2.RELEASE.jar;D:\DevelopmentEnvironment\repository\com\netflix\ribbon\ribbon\2.3.0\ribbon-2.3.0.jar;D:\DevelopmentEnvironment\repository\com\netflix\ribbon\ribbon-transport\2.3.0\ribbon-transport-2.3.0.jar;D:\DevelopmentEnvironment\repository\io\reactivex\rxnetty-contexts\0.4.9\rxnetty-contexts-0.4.9.jar;D:\DevelopmentEnvironment\repository\io\reactivex\rxnetty-servo\0.4.9\rxnetty-servo-0.4.9.jar;D:\DevelopmentEnvironment\repository\com\netflix\hystrix\hystrix-core\1.5.18\hystrix-core-1.5.18.jar;D:\DevelopmentEnvironment\repository\org\hdrhistogram\HdrHistogram\2.1.9\HdrHistogram-2.1.9.jar;D:\DevelopmentEnvironment\repository\io\reactivex\rxnetty\0.4.9\rxnetty-0.4.9.jar;D:\DevelopmentEnvironment\repository\com\netflix\ribbon\ribbon-core\2.3.0\ribbon-core-2.3.0.jar;D:\DevelopmentEnvironment\repository\com\netflix\ribbon\ribbon-httpclient\2.3.0\ribbon-httpclient-2.3.0.jar;D:\DevelopmentEnvironment\repository\commons-collections\commons-collections\3.2.2\commons-collections-3.2.2.jar;D:\DevelopmentEnvironment\repository\com\netflix\netflix-commons\netflix-commons-util\0.3.0\netflix-commons-util-0.3.0.jar;D:\DevelopmentEnvironment\repository\com\netflix\ribbon\ribbon-loadbalancer\2.3.0\ribbon-loadbalancer-2.3.0.jar;D:\DevelopmentEnvironment\repository\com\netflix\netflix-commons\netflix-statistics\0.1.1\netflix-statistics-0.1.1.jar;D:\DevelopmentEnvironment\repository\io\reactivex\rxjava\1.3.8\rxjava-1.3.8.jar;D:\DevelopmentEnvironment\repository\org\springframework\cloud\spring-cloud-starter-loadbalancer\2.2.2.RELEASE\spring-cloud-starter-loadbalancer-2.2.2.RELEASE.jar;D:\DevelopmentEnvironment\repository\org\springframework\cloud\spring-cloud-loadbalancer\2.2.2.RELEASE\spring-cloud-loadbalancer-2.2.2.RELEASE.jar;D:\DevelopmentEnvironment\repository\io\projectreactor\reactor-core\3.3.3.RELEASE\reactor-core-3.3.3.RELEASE.jar;D:\DevelopmentEnvironment\repository\org\reactivestreams\reactive-streams\1.0.3\reactive-streams-1.0.3.jar;D:\DevelopmentEnvironment\repository\io\projectreactor\addons\reactor-extra\3.3.2.RELEASE\reactor-extra-3.3.2.RELEASE.jar;D:\DevelopmentEnvironment\repository\org\springframework\boot\spring-boot-starter-cache\2.2.5.RELEASE\spring-boot-starter-cache-2.2.5.RELEASE.jar;D:\DevelopmentEnvironment\repository\org\springframework\spring-context-support\5.2.4.RELEASE\spring-context-support-5.2.4.RELEASE.jar;D:\DevelopmentEnvironment\repository\com\stoyanr\evictor\1.0.0\evictor-1.0.0.jar;D:\DevelopmentEnvironment\repository\com\netflix\ribbon\ribbon-eureka\2.3.0\ribbon-eureka-2.3.0.jar;D:\DevelopmentEnvironment\repository\org\slf4j\slf4j-api\1.7.30\slf4j-api-1.7.30.jar;D:\DevelopmentEnvironment\repository\com\thoughtworks\xstream\xstream\1.4.11.1\xstream-1.4.11.1.jar;D:\DevelopmentEnvironment\repository\xmlpull\xmlpull\1.1.3.1\xmlpull-1.1.3.1.jar;D:\DevelopmentEnvironment\repository\xpp3\xpp3_min\1.1.4c\xpp3_min-1.1.4c.jar;D:\DevelopmentEnvironment\repository\org\springframework\boot\spring-boot-devtools\2.2.5.RELEASE\spring-boot-devtools-2.2.5.RELEASE.jar;D:\DevelopmentEnvironment\repository\org\springframework\boot\spring-boot\2.2.5.RELEASE\spring-boot-2.2.5.RELEASE.jar;D:\DevelopmentEnvironment\repository\org\springframework\spring-context\5.2.4.RELEASE\spring-context-5.2.4.RELEASE.jar;D:\DevelopmentEnvironment\repository\org\springframework\boot\spring-boot-autoconfigure\2.2.5.RELEASE\spring-boot-autoconfigure-2.2.5.RELEASE.jar;D:\DevelopmentEnvironment\repository\org\springframework\boot\spring-boot-starter-test\2.2.5.RELEASE\spring-boot-starter-test-2.2.5.RELEASE.jar;D:\DevelopmentEnvironment\repository\org\springframework\boot\spring-boot-starter\2.2.5.RELEASE\spring-boot-starter-2.2.5.RELEASE.jar;D:\DevelopmentEnvironment\repository\org\springframework\boot\spring-boot-starter-logging\2.2.5.RELEASE\spring-boot-starter-logging-2.2.5.RELEASE.jar;D:\DevelopmentEnvironment\repository\ch\qos\logback\logback-classic\1.2.3\logback-classic-1.2.3.jar;D:\DevelopmentEnvironment\repository\ch\qos\logback\logback-core\1.2.3\logback-core-1.2.3.jar;D:\DevelopmentEnvironment\repository\org\apache\logging\log4j\log4j-to-slf4j\2.12.1\log4j-to-slf4j-2.12.1.jar;D:\DevelopmentEnvironment\repository\org\apache\logging\log4j\log4j-api\2.12.1\log4j-api-2.12.1.jar;D:\DevelopmentEnvironment\repository\org\slf4j\jul-to-slf4j\1.7.30\jul-to-slf4j-1.7.30.jar;D:\DevelopmentEnvironment\repository\jakarta\annotation\jakarta.annotation-api\1.3.5\jakarta.annotation-api-1.3.5.jar;D:\DevelopmentEnvironment\repository\org\yaml\snakeyaml\1.25\snakeyaml-1.25.jar;D:\DevelopmentEnvironment\repository\org\springframework\boot\spring-boot-test\2.2.5.RELEASE\spring-boot-test-2.2.5.RELEASE.jar;D:\DevelopmentEnvironment\repository\org\springframework\boot\spring-boot-test-autoconfigure\2.2.5.RELEASE\spring-boot-test-autoconfigure-2.2.5.RELEASE.jar;D:\DevelopmentEnvironment\repository\com\jayway\jsonpath\json-path\2.4.0\json-path-2.4.0.jar;D:\DevelopmentEnvironment\repository\net\minidev\json-smart\2.3\json-smart-2.3.jar;D:\DevelopmentEnvironment\repository\net\minidev\accessors-smart\1.2\accessors-smart-1.2.jar;D:\DevelopmentEnvironment\repository\org\ow2\asm\asm\5.0.4\asm-5.0.4.jar;D:\DevelopmentEnvironment\repository\jakarta\xml\bind\jakarta.xml.bind-api\2.3.2\jakarta.xml.bind-api-2.3.2.jar;D:\DevelopmentEnvironment\repository\jakarta\activation\jakarta.activation-api\1.2.2\jakarta.activation-api-1.2.2.jar;D:\DevelopmentEnvironment\repository\org\junit\jupiter\junit-jupiter\5.5.2\junit-jupiter-5.5.2.jar;D:\DevelopmentEnvironment\repository\org\junit\jupiter\junit-jupiter-api\5.5.2\junit-jupiter-api-5.5.2.jar;D:\DevelopmentEnvironment\repository\org\apiguardian\apiguardian-api\1.1.0\apiguardian-api-1.1.0.jar;D:\DevelopmentEnvironment\repository\org\opentest4j\opentest4j\1.2.0\opentest4j-1.2.0.jar;D:\DevelopmentEnvironment\repository\org\junit\platform\junit-platform-commons\1.5.2\junit-platform-commons-1.5.2.jar;D:\DevelopmentEnvironment\repository\org\junit\jupiter\junit-jupiter-params\5.5.2\junit-jupiter-params-5.5.2.jar;D:\DevelopmentEnvironment\repository\org\junit\jupiter\junit-jupiter-engine\5.5.2\junit-jupiter-engine-5.5.2.jar;D:\DevelopmentEnvironment\repository\org\junit\platform\junit-platform-engine\1.5.2\junit-platform-engine-1.5.2.jar;D:\DevelopmentEnvironment\repository\org\mockito\mockito-junit-jupiter\3.1.0\mockito-junit-jupiter-3.1.0.jar;D:\DevelopmentEnvironment\repository\org\assertj\assertj-core\3.13.2\assertj-core-3.13.2.jar;D:\DevelopmentEnvironment\repository\org\hamcrest\hamcrest\2.1\hamcrest-2.1.jar;D:\DevelopmentEnvironment\repository\org\mockito\mockito-core\3.1.0\mockito-core-3.1.0.jar;D:\DevelopmentEnvironment\repository\net\bytebuddy\byte-buddy\1.10.8\byte-buddy-1.10.8.jar;D:\DevelopmentEnvironment\repository\net\bytebuddy\byte-buddy-agent\1.10.8\byte-buddy-agent-1.10.8.jar;D:\DevelopmentEnvironment\repository\org\objenesis\objenesis\2.6\objenesis-2.6.jar;D:\DevelopmentEnvironment\repository\org\skyscreamer\jsonassert\1.5.0\jsonassert-1.5.0.jar;D:\DevelopmentEnvironment\repository\com\vaadin\external\google\android-json\0.0.20131108.vaadin1\android-json-0.0.20131108.vaadin1.jar;D:\DevelopmentEnvironment\repository\org\springframework\spring-core\5.2.4.RELEASE\spring-core-5.2.4.RELEASE.jar;D:\DevelopmentEnvironment\repository\org\springframework\spring-jcl\5.2.4.RELEASE\spring-jcl-5.2.4.RELEASE.jar;D:\DevelopmentEnvironment\repository\org\springframework\spring-test\5.2.4.RELEASE\spring-test-5.2.4.RELEASE.jar;D:\DevelopmentEnvironment\repository\org\xmlunit\xmlunit-core\2.6.3\xmlunit-core-2.6.3.jar;D:\DevelopmentEnvironment\repository\org\springframework\boot\spring-boot-starter-web\2.2.5.RELEASE\spring-boot-starter-web-2.2.5.RELEASE.jar;D:\DevelopmentEnvironment\repository\org\springframework\boot\spring-boot-starter-json\2.2.5.RELEASE\spring-boot-starter-json-2.2.5.RELEASE.jar;D:\DevelopmentEnvironment\repository\com\fasterxml\jackson\datatype\jackson-datatype-jdk8\2.10.2\jackson-datatype-jdk8-2.10.2.jar;D:\DevelopmentEnvironment\repository\com\fasterxml\jackson\datatype\jackson-datatype-jsr310\2.10.2\jackson-datatype-jsr310-2.10.2.jar;D:\DevelopmentEnvironment\repository\com\fasterxml\jackson\module\jackson-module-parameter-names\2.10.2\jackson-module-parameter-names-2.10.2.jar;D:\DevelopmentEnvironment\repository\org\springframework\boot\spring-boot-starter-tomcat\2.2.5.RELEASE\spring-boot-starter-tomcat-2.2.5.RELEASE.jar;D:\DevelopmentEnvironment\repository\org\apache\tomcat\embed\tomcat-embed-core\9.0.31\tomcat-embed-core-9.0.31.jar;D:\DevelopmentEnvironment\repository\org\apache\tomcat\embed\tomcat-embed-el\9.0.31\tomcat-embed-el-9.0.31.jar;D:\DevelopmentEnvironment\repository\org\apache\tomcat\embed\tomcat-embed-websocket\9.0.31\tomcat-embed-websocket-9.0.31.jar;D:\DevelopmentEnvironment\repository\org\springframework\boot\spring-boot-starter-validation\2.2.5.RELEASE\spring-boot-starter-validation-2.2.5.RELEASE.jar;D:\DevelopmentEnvironment\repository\jakarta\validation\jakarta.validation-api\2.0.2\jakarta.validation-api-2.0.2.jar;D:\DevelopmentEnvironment\repository\org\hibernate\validator\hibernate-validator\6.0.18.Final\hibernate-validator-6.0.18.Final.jar;D:\DevelopmentEnvironment\repository\org\jboss\logging\jboss-logging\3.4.1.Final\jboss-logging-3.4.1.Final.jar;D:\DevelopmentEnvironment\repository\com\fasterxml\classmate\1.5.1\classmate-1.5.1.jar;D:\DevelopmentEnvironment\repository\org\springframework\spring-web\5.2.4.RELEASE\spring-web-5.2.4.RELEASE.jar;D:\DevelopmentEnvironment\repository\org\springframework\spring-beans\5.2.4.RELEASE\spring-beans-5.2.4.RELEASE.jar;D:\DevelopmentEnvironment\repository\org\springframework\spring-webmvc\5.2.4.RELEASE\spring-webmvc-5.2.4.RELEASE.jar;D:\DevelopmentEnvironment\repository\org\springframework\spring-aop\5.2.4.RELEASE\spring-aop-5.2.4.RELEASE.jar;D:\DevelopmentEnvironment\repository\org\springframework\spring-expression\5.2.4.RELEASE\spring-expression-5.2.4.RELEASE.jar;"/>
    <property name="sun.cpu.endian" value="little"/>
    <property name="user.home" value="C:\Users\Administrator"/>
    <property name="user.language" value="zh"/>
    <property name="java.specification.vendor" value="Oracle Corporation"/>
    <property name="java.home" value="D:\JDK\jdk1.8.0.151\jre"/>
    <property name="basedir" value="D:\Code\MyCode\springboot\springboot-15-springcloud-provider"/>
    <property name="file.separator" value="\"/>
    <property name="line.separator" value="&#10;"/>
    <property name="java.vm.specification.vendor" value="Oracle Corporation"/>
    <property name="java.specification.name" value="Java Platform API Specification"/>
    <property name="java.awt.graphicsenv" value="sun.awt.Win32GraphicsEnvironment"/>
    <property name="surefire.real.class.path" value="C:\Users\ADMINI~1\AppData\Local\Temp\surefire8038199363140201814\surefirebooter522745173747945225.jar"/>
    <property name="sun.boot.class.path" value="D:\JDK\jdk1.8.0.151\jre\lib\resources.jar;D:\JDK\jdk1.8.0.151\jre\lib\rt.jar;D:\JDK\jdk1.8.0.151\jre\lib\sunrsasign.jar;D:\JDK\jdk1.8.0.151\jre\lib\jsse.jar;D:\JDK\jdk1.8.0.151\jre\lib\jce.jar;D:\JDK\jdk1.8.0.151\jre\lib\charsets.jar;D:\JDK\jdk1.8.0.151\jre\lib\jfr.jar;D:\JDK\jdk1.8.0.151\jre\classes"/>
    <property name="user.script" value=""/>
    <property name="sun.management.compiler" value="HotSpot 64-Bit Tiered Compilers"/>
    <property name="java.runtime.version" value="1.8.0_151-b12"/>
    <property name="user.name" value="Administrator"/>
    <property name="path.separator" value=";"/>
    <property name="os.version" value="10.0"/>
    <property name="java.endorsed.dirs" value="D:\JDK\jdk1.8.0.151\jre\lib\endorsed"/>
    <property name="java.runtime.name" value="Java(TM) SE Runtime Environment"/>
    <property name="file.encoding" value="GBK"/>
    <property name="java.vm.name" value="Java HotSpot(TM) 64-Bit Server VM"/>
    <property name="localRepository" value="D:\DevelopmentEnvironment\repository"/>
    <property name="java.vendor.url.bug" value="http://bugreport.sun.com/bugreport/"/>
    <property name="java.io.tmpdir" value="C:\Users\ADMINI~1\AppData\Local\Temp\"/>
    <property name="java.version" value="1.8.0_151"/>
    <property name="user.dir" value="D:\Code\MyCode\springboot\springboot-15-springcloud-provider"/>
    <property name="os.arch" value="amd64"/>
    <property name="java.vm.specification.name" value="Java Virtual Machine Specification"/>
    <property name="java.awt.printerjob" value="sun.awt.windows.WPrinterJob"/>
    <property name="sun.os.patch.level" value=""/>
    <property name="idea.version2019.3.3" value="true"/>
    <property name="java.library.path" value="D:\JDK\jdk1.8.0.151\jre\bin;C:\Windows\Sun\Java\bin;C:\Windows\system32;C:\Windows;D:\Program Files (x86)\NetSarang\Xlpd 6\;D:\Program Files (x86)\NetSarang\Xftp 6\;D:\Program Files (x86)\NetSarang\Xshell 6\;D:\Program Files (x86)\NetSarang\Xmanager 6\;C:\Windows\system32;C:\Windows;C:\Windows\System32\Wbem;C:\Windows\System32\WindowsPowerShell\v1.0\;C:\Windows\System32\OpenSSH\;C:\Program Files (x86)\ATI Technologies\ATI.ACE\Core-Static;D:\Program Files\TortoiseSVN\bin;D:\JDK\jdk1.8.0.151\bin;D:\DevelopmentEnvironment\node-v12.16.1-win-x64;C:\Users\Administrator\AppData\Local\Microsoft\WindowsApps;;."/>
    <property name="java.vm.info" value="mixed mode"/>
    <property name="java.vendor" value="Oracle Corporation"/>
    <property name="java.vm.version" value="25.151-b12"/>
    <property name="java.ext.dirs" value="D:\JDK\jdk1.8.0.151\jre\lib\ext;C:\Windows\Sun\Java\lib\ext"/>
    <property name="sun.io.unicode.encoding" value="UnicodeLittle"/>
    <property name="maven.repo.local" value="D:\DevelopmentEnvironment\repository"/>
    <property name="java.class.version" value="52.0"/>
  </properties>
  <testcase name="contextLoads" classname="com.example.Springboot15SpringcloudProviderApplicationTests" time="0.811"/>
</testsuite>